#
# A fatal error has been detected by the Java Runtime Environment:
#
#  EXCEPTION_ACCESS_VIOLATION (0xc0000005) at pc=0x00007fff28224313, pid=8512, tid=10712
#
# JRE version: OpenJDK Runtime Environment Temurin-17.0.7+7 (17.0.7+7) (build 17.0.7+7)
# Java VM: OpenJDK 64-Bit Server VM Temurin-17.0.7+7 (17.0.7+7, mixed mode, tiered, compressed oops, compressed class ptrs, parallel gc, windows-amd64)
# Problematic frame:
# V  [jvm.dll+0x654313]
#
# No core dump will be written. Minidumps are not enabled by default on client versions of Windows
#
# If you would like to submit a bug report, please visit:
#   https://github.com/adoptium/adoptium-support/issues
#

---------------  S U M M A R Y ------------

Command Line: --add-modules=ALL-SYSTEM --add-opens=java.base/java.util=ALL-UNNAMED --add-opens=java.base/java.lang=ALL-UNNAMED --add-opens=java.base/sun.nio.fs=ALL-UNNAMED -Declipse.application=org.eclipse.jdt.ls.core.id1 -Dosgi.bundles.defaultStartLevel=4 -Declipse.product=org.eclipse.jdt.ls.core.product -Djava.import.generatesMetadataFilesAtProjectRoot=false -Dfile.encoding=utf8 -XX:+UseParallelGC -XX:GCTimeRatio=4 -XX:AdaptiveSizePolicyWeight=90 -Dsun.zip.disableMemoryMapping=true -Xmx1G -Xms100m -Xlog:disable -javaagent:c:\Users\Lenovo\.vscode\extensions\redhat.java-1.18.0-win32-x64\lombok\lombok-1.18.27.jar -XX:+HeapDumpOnOutOfMemoryError -XX:HeapDumpPath=c:\Users\Lenovo\AppData\Roaming\Code\User\workspaceStorage\4011076457deea44d927eb32fa88a9eb\redhat.java -Daether.dependencyCollector.impl=bf c:\Users\Lenovo\.vscode\extensions\redhat.java-1.18.0-win32-x64\server\plugins\org.eclipse.equinox.launcher_1.6.400.v20210924-0641.jar -configuration c:\Users\Lenovo\AppData\Roaming\Code\User\globalStorage\redhat.java\1.18.0\config_win -data c:\Users\Lenovo\AppData\Roaming\Code\User\workspaceStorage\4011076457deea44d927eb32fa88a9eb\redhat.java\jdt_ws

Host: Intel(R) Core(TM) i3-3220 CPU @ 3.30GHz, 4 cores, 3G,  Windows 10 , 64 bit Build 19041 (10.0.19041.2913)
Time: Thu Jun  1 15:34:39 2023 India Standard Time elapsed time: 51.884524 seconds (0d 0h 0m 51s)

---------------  T H R E A D  ---------------

Current thread (0x000001b921d8ec60):  JavaThread "C2 CompilerThread0" daemon [_thread_in_native, id=10712, stack(0x0000000f22600000,0x0000000f22700000)]


Current CompileTask:
C2:  51884 13457   !   4       lombok.core.AST::buildWithField0 (121 bytes)

Stack: [0x0000000f22600000,0x0000000f22700000],  sp=0x0000000f226fba50,  free space=1006k
Native frames: (J=compiled Java code, j=interpreted, Vv=VM code, C=native code)
V  [jvm.dll+0x654313]
V  [jvm.dll+0x6c348c]
V  [jvm.dll+0x1bccf1]
V  [jvm.dll+0x219799]
V  [jvm.dll+0x218a61]
V  [jvm.dll+0x1a4d8d]
V  [jvm.dll+0x2284da]
V  [jvm.dll+0x226615]
V  [jvm.dll+0x7ea90b]
V  [jvm.dll+0x7e4e7a]
V  [jvm.dll+0x676395]
C  [ucrtbase.dll+0x21bb2]
C  [KERNEL32.DLL+0x17614]
C  [ntdll.dll+0x526a1]


siginfo: EXCEPTION_ACCESS_VIOLATION (0xc0000005), reading address 0x000001b92bba1ff8


Register to memory mapping:

RIP=0x00007fff28224313 jvm.dll
RAX=0x0000000000000003 is an unknown value
RBX=0x000001b92f2f8b90 points into unknown readable memory: 0x00007fff284e6768 | 68 67 4e 28 ff 7f 00 00
RCX=0x000001b92f2f8040 points into unknown readable memory: 0x00007fff284ff908 | 08 f9 4f 28 ff 7f 00 00
RDX=0x000001b92bba2000 points into unknown readable memory: 0x0000000000000000 | 00 00 00 00 00 00 00 00
RSP=0x0000000f226fba50 is pointing into the stack for thread: 0x000001b921d8ec60
RBP=0x0000000f226fec50 is pointing into the stack for thread: 0x000001b921d8ec60
RSI=0x000001b927554bc8 points into unknown readable memory: 0x000001b90e019030 | 30 90 01 0e b9 01 00 00
RDI=0x0000000000000002 is an unknown value
R8 =0x000001b92bbe9f48 points into unknown readable memory: 0x000001b92f3f8b90 | 90 8b 3f 2f b9 01 00 00
R9 =0x000001b92f2f8bf8 points into unknown readable memory: 0x000001b92f2f8040 | 40 80 2f 2f b9 01 00 00
R10=0x0 is NULL
R11=0x000001b92f2fa8d8 points into unknown readable memory: 0x0000000000000000 | 00 00 00 00 00 00 00 00
R12=0x0000000000000003 is an unknown value
R13=0x000001b92a49e890 points into unknown readable memory: 0x00007fff284eb3c0 | c0 b3 4e 28 ff 7f 00 00
R14=0x0 is NULL
R15=0x0000000000000050 is an unknown value


Registers:
RAX=0x0000000000000003, RBX=0x000001b92f2f8b90, RCX=0x000001b92f2f8040, RDX=0x000001b92bba2000
RSP=0x0000000f226fba50, RBP=0x0000000f226fec50, RSI=0x000001b927554bc8, RDI=0x0000000000000002
R8 =0x000001b92bbe9f48, R9 =0x000001b92f2f8bf8, R10=0x0000000000000000, R11=0x000001b92f2fa8d8
R12=0x0000000000000003, R13=0x000001b92a49e890, R14=0x0000000000000000, R15=0x0000000000000050
RIP=0x00007fff28224313, EFLAGS=0x0000000000010283

Top of Stack: (sp=0x0000000f226fba50)
0x0000000f226fba50:   000000000000000b 0000000000000003
0x0000000f226fba60:   000001b92c1f3360 000001b92f2f8b90
0x0000000f226fba70:   000001b92c1f3360 0000000f226fbb90
0x0000000f226fba80:   0000000000000011 00007fff2829348c
0x0000000f226fba90:   000001b92f2f8b90 000000000000000b
0x0000000f226fbaa0:   0000000f226fc300 000001b92aaf26b0
0x0000000f226fbab0:   000001b900003431 000001b92a9d83f0
0x0000000f226fbac0:   000001b9305ad820 0000000f226fbc10
0x0000000f226fbad0:   0000000000000005 0000000f226fbd40
0x0000000f226fbae0:   0000000000000005 0000000000000000
0x0000000f226fbaf0:   000000000000269d 000001b92a49e890
0x0000000f226fbb00:   0000000100000006 00000000000032a1
0x0000000f226fbb10:   0000000000000000 000001b92f2f8b90
0x0000000f226fbb20:   0000000000000003 000001b92a9d7470
0x0000000f226fbb30:   0000051700000000 000001b92a9d74a0
0x0000000f226fbb40:   000001b9305ad820 000000000022ceb0 

Instructions: (pc=0x00007fff28224313)
0x00007fff28224213:   48 8b 8f e0 01 00 00 4d 8d 40 08 ff c2 4a 8b 44
0x00007fff28224223:   01 f8 4a 89 44 01 f0 8b 87 d8 01 00 00 3b d0 7c
0x00007fff28224233:   df ff c8 89 87 d8 01 00 00 8b 43 30 c1 e8 0f a8
0x00007fff28224243:   01 74 0b 48 8b d3 48 8b cf e8 2f f6 bc ff 8b 43
0x00007fff28224253:   2c 83 e0 03 3c 03 75 09 48 8d 4b 48 e8 4c 73 07
0x00007fff28224263:   00 48 8b 05 a5 6a 50 00 48 8b d3 48 8b 48 28 48
0x00007fff28224273:   8b 01 48 8b 5c 24 58 48 8b 6c 24 60 48 8b 74 24
0x00007fff28224283:   68 48 83 c4 20 41 5f 41 5e 41 5d 41 5c 5f 48 ff
0x00007fff28224293:   a0 b8 00 00 00 cc cc cc cc cc cc cc cc 40 53 55
0x00007fff282242a3:   57 48 83 ec 20 8b 41 18 48 8b ea 4c 89 74 24 48
0x00007fff282242b3:   48 8b d9 45 33 f6 41 8b fe 85 c0 0f 84 89 00 00
0x00007fff282242c3:   00 44 8b 05 ed 66 55 00 65 48 8b 04 25 58 00 00
0x00007fff282242d3:   00 48 89 74 24 40 4c 89 7c 24 50 41 bf 50 00 00
0x00007fff282242e3:   00 4a 8d 34 c0 0f 1f 84 00 00 00 00 00 48 8b 43
0x00007fff282242f3:   08 8b cf 4c 8d 0c c8 48 8b 0c c8 48 85 c9 74 37
0x00007fff28224303:   4c 8b 41 10 4d 85 c0 74 1d 8b 41 20 49 8d 14 c0
0x00007fff28224313:   48 39 5a f8 48 8d 52 f8 75 f6 ff c8 89 41 20 49
0x00007fff28224323:   8b 0c c0 48 89 0a 48 8b 06 4d 89 31 45 38 34 07
0x00007fff28224333:   75 05 e8 46 ac 23 00 8b 43 18 ff c7 3b f8 72 ad
0x00007fff28224343:   4c 8b 7c 24 50 48 8b 74 24 40 8b 7b 1c 4c 8b 74
0x00007fff28224353:   24 48 3b f8 76 4c 0f 1f 80 00 00 00 00 48 8b 43
0x00007fff28224363:   08 ff cf 48 8b 14 f8 48 85 d2 74 31 4c 8b 42 10
0x00007fff28224373:   4d 85 c0 74 1e 8b 4a 20 49 8d 04 c8 90 48 39 58
0x00007fff28224383:   f8 48 8d 40 f8 75 f6 ff c9 89 4a 20 49 8b 14 c8
0x00007fff28224393:   48 89 10 8b d7 48 8b cb e8 d0 f8 ff ff 3b 7b 18
0x00007fff282243a3:   77 bb 8b 53 28 48 8b cd 48 83 c4 20 5f 5d 5b e9
0x00007fff282243b3:   d9 f2 bc ff cc cc cc cc cc cc cc cc cc 48 89 5c
0x00007fff282243c3:   24 10 48 89 6c 24 18 48 89 74 24 20 57 41 54 41
0x00007fff282243d3:   55 41 56 41 57 48 83 ec 20 44 8b 3d c5 c1 4a 00
0x00007fff282243e3:   49 8b e8 41 c7 40 18 00 00 00 00 48 8b fa 45 8b
0x00007fff282243f3:   40 08 4c 8b e9 48 8b f2 48 89 54 24 50 48 8b 4d
0x00007fff28224403:   10 33 d2 49 c1 e0 03 45 32 e4 e8 40 bd 23 00 48 


Stack slot to memory mapping:
stack at sp + 0 slots: 0x000000000000000b is an unknown value
stack at sp + 1 slots: 0x0000000000000003 is an unknown value
stack at sp + 2 slots: 0x000001b92c1f3360 points into unknown readable memory: 0x00007fff284e6c48 | 48 6c 4e 28 ff 7f 00 00
stack at sp + 3 slots: 0x000001b92f2f8b90 points into unknown readable memory: 0x00007fff284e6768 | 68 67 4e 28 ff 7f 00 00
stack at sp + 4 slots: 0x000001b92c1f3360 points into unknown readable memory: 0x00007fff284e6c48 | 48 6c 4e 28 ff 7f 00 00
stack at sp + 5 slots: 0x0000000f226fbb90 is pointing into the stack for thread: 0x000001b921d8ec60
stack at sp + 6 slots: 0x0000000000000011 is an unknown value
stack at sp + 7 slots: 0x00007fff2829348c jvm.dll


---------------  P R O C E S S  ---------------

Threads class SMR info:
_java_thread_list=0x000001b92c52ea30, length=34, elements={
0x000001b90df48c70, 0x000001b90e01c5c0, 0x000001b921d6a130, 0x000001b921daa220,
0x000001b921d7c1b0, 0x000001b921d7ded0, 0x000001b921d8dfc0, 0x000001b921d8ec60,
0x000001b921ddea90, 0x000001b926f07c60, 0x000001b90e007060, 0x000001b9271711c0,
0x000001b9272fb040, 0x000001b927ad7600, 0x000001b927a8de90, 0x000001b9272dd0e0,
0x000001b927e1a160, 0x000001b927e25850, 0x000001b927d46610, 0x000001b927fec5b0,
0x000001b927fec0e0, 0x000001b927fecf50, 0x000001b927feca80, 0x000001b927fed420,
0x000001b927fed8f0, 0x000001b927fee290, 0x000001b9280baed0, 0x000001b928171fb0,
0x000001b92816d2b0, 0x000001b928173c90, 0x000001b9281732f0, 0x000001b92816e5f0,
0x000001b92816f930, 0x000001b92816ef90
}

Java Threads: ( => current thread )
  0x000001b90df48c70 JavaThread "main" [_thread_blocked, id=10412, stack(0x0000000f21d00000,0x0000000f21e00000)]
  0x000001b90e01c5c0 JavaThread "Reference Handler" daemon [_thread_blocked, id=5224, stack(0x0000000f22000000,0x0000000f22100000)]
  0x000001b921d6a130 JavaThread "Finalizer" daemon [_thread_blocked, id=8044, stack(0x0000000f22100000,0x0000000f22200000)]
  0x000001b921daa220 JavaThread "Signal Dispatcher" daemon [_thread_blocked, id=6860, stack(0x0000000f22200000,0x0000000f22300000)]
  0x000001b921d7c1b0 JavaThread "Attach Listener" daemon [_thread_blocked, id=3312, stack(0x0000000f22300000,0x0000000f22400000)]
  0x000001b921d7ded0 JavaThread "Service Thread" daemon [_thread_blocked, id=1680, stack(0x0000000f22400000,0x0000000f22500000)]
  0x000001b921d8dfc0 JavaThread "Monitor Deflation Thread" daemon [_thread_blocked, id=11240, stack(0x0000000f22500000,0x0000000f22600000)]
=>0x000001b921d8ec60 JavaThread "C2 CompilerThread0" daemon [_thread_in_native, id=10712, stack(0x0000000f22600000,0x0000000f22700000)]
  0x000001b921ddea90 JavaThread "C1 CompilerThread0" daemon [_thread_blocked, id=6096, stack(0x0000000f22700000,0x0000000f22800000)]
  0x000001b926f07c60 JavaThread "Sweeper thread" daemon [_thread_blocked, id=11784, stack(0x0000000f22800000,0x0000000f22900000)]
  0x000001b90e007060 JavaThread "Common-Cleaner" daemon [_thread_blocked, id=8980, stack(0x0000000f22900000,0x0000000f22a00000)]
  0x000001b9271711c0 JavaThread "Notification Thread" daemon [_thread_blocked, id=9156, stack(0x0000000f22a00000,0x0000000f22b00000)]
  0x000001b9272fb040 JavaThread "Active Thread: Equinox Container: 3ed53bf2-6cf9-416a-b03c-f3c6841c55d5" [_thread_blocked, id=5200, stack(0x0000000f23000000,0x0000000f23100000)]
  0x000001b927ad7600 JavaThread "Framework Event Dispatcher: Equinox Container: 3ed53bf2-6cf9-416a-b03c-f3c6841c55d5" daemon [_thread_blocked, id=1540, stack(0x0000000f23100000,0x0000000f23200000)]
  0x000001b927a8de90 JavaThread "Start Level: Equinox Container: 3ed53bf2-6cf9-416a-b03c-f3c6841c55d5" daemon [_thread_blocked, id=4292, stack(0x0000000f23200000,0x0000000f23300000)]
  0x000001b9272dd0e0 JavaThread "SCR Component Actor" daemon [_thread_blocked, id=7296, stack(0x0000000f22f00000,0x0000000f23000000)]
  0x000001b927e1a160 JavaThread "Worker-JM" [_thread_blocked, id=2284, stack(0x0000000f23400000,0x0000000f23500000)]
  0x000001b927e25850 JavaThread "Worker-0" [_thread_blocked, id=4772, stack(0x0000000f23500000,0x0000000f23600000)]
  0x000001b927d46610 JavaThread "Worker-1" [_thread_blocked, id=5936, stack(0x0000000f23600000,0x0000000f23700000)]
  0x000001b927fec5b0 JavaThread "Java indexing" daemon [_thread_in_Java, id=10308, stack(0x0000000f23800000,0x0000000f23900000)]
  0x000001b927fec0e0 JavaThread "Worker-2" [_thread_blocked, id=10336, stack(0x0000000f23900000,0x0000000f23a00000)]
  0x000001b927fecf50 JavaThread "Worker-3: Java indexing... " [_thread_blocked, id=6924, stack(0x0000000f23a00000,0x0000000f23b00000)]
  0x000001b927feca80 JavaThread "JNA Cleaner" daemon [_thread_blocked, id=4684, stack(0x0000000f23b00000,0x0000000f23c00000)]
  0x000001b927fed420 JavaThread "pool-2-thread-1" [_thread_blocked, id=392, stack(0x0000000f23e00000,0x0000000f23f00000)]
  0x000001b927fed8f0 JavaThread "pool-1-thread-1" [_thread_in_native, id=8996, stack(0x0000000f23f00000,0x0000000f24000000)]
  0x000001b927fee290 JavaThread "Worker-4" [_thread_blocked, id=10668, stack(0x0000000f23700000,0x0000000f23800000)]
  0x000001b9280baed0 JavaThread "C2 CompilerThread1" daemon [_thread_in_native, id=10292, stack(0x0000000f23300000,0x0000000f23400000)]
  0x000001b928171fb0 JavaThread "Worker-5" [_thread_blocked, id=9364, stack(0x0000000f24000000,0x0000000f24100000)]
  0x000001b92816d2b0 JavaThread "Worker-6" [_thread_blocked, id=1144, stack(0x0000000f24100000,0x0000000f24200000)]
  0x000001b928173c90 JavaThread "ForkJoinPool.commonPool-worker-1" daemon [_thread_blocked, id=6460, stack(0x0000000f24200000,0x0000000f24300000)]
  0x000001b9281732f0 JavaThread "Bundle File Closer" daemon [_thread_blocked, id=2352, stack(0x0000000f24600000,0x0000000f24700000)]
  0x000001b92816e5f0 JavaThread "Worker-7" [_thread_blocked, id=5592, stack(0x0000000f24300000,0x0000000f24400000)]
  0x000001b92816f930 JavaThread "ForkJoinPool.commonPool-worker-2" daemon [_thread_blocked, id=7152, stack(0x0000000f24400000,0x0000000f24500000)]
  0x000001b92816ef90 JavaThread "ForkJoinPool.commonPool-worker-3" daemon [_thread_blocked, id=4900, stack(0x0000000f24500000,0x0000000f24600000)]

Other Threads:
  0x000001b921c77450 VMThread "VM Thread" [stack: 0x0000000f21f00000,0x0000000f22000000] [id=9020]
  0x000001b927171690 WatcherThread [stack: 0x0000000f22b00000,0x0000000f22c00000] [id=5252]
  0x000001b90df600c0 GCTaskThread "GC Thread#0" [stack: 0x0000000f21e00000,0x0000000f21f00000] [id=4832]
  0x000001b927165290 GCTaskThread "GC Thread#1" [stack: 0x0000000f22c00000,0x0000000f22d00000] [id=4492]
  0x000001b927300110 GCTaskThread "GC Thread#2" [stack: 0x0000000f22d00000,0x0000000f22e00000] [id=5736]
  0x000001b9273003c0 GCTaskThread "GC Thread#3" [stack: 0x0000000f22e00000,0x0000000f22f00000] [id=892]

Threads with active compile tasks:
C2 CompilerThread0    51981 13457   !   4       lombok.core.AST::buildWithField0 (121 bytes)
C2 CompilerThread1    51981 13621   !   4       org.eclipse.jdt.internal.core.search.indexing.BinaryIndexer::indexDocument (1156 bytes)

VM state: not at safepoint (normal execution)

VM Mutex/Monitor currently owned by a thread: None

Heap address: 0x00000000c0000000, size: 1024 MB, Compressed Oops mode: 32-bit

CDS archive(s) not mapped
Compressed class space mapped at: 0x0000000100000000-0x0000000140000000, reserved size: 1073741824
Narrow klass base: 0x0000000000000000, Narrow klass shift: 3, Narrow klass range: 0x140000000

GC Precious Log:
 CPUs: 4 total, 4 available
 Memory: 3901M
 Large Page Support: Disabled
 NUMA Support: Disabled
 Compressed Oops: Enabled (32-bit)
 Alignments: Space 512K, Generation 512K, Heap 2M
 Heap Min Capacity: 100M
 Heap Initial Capacity: 100M
 Heap Max Capacity: 1G
 Pre-touch: Disabled
 Parallel Workers: 4

Heap:
 PSYoungGen      total 11776K, used 6769K [0x00000000eab00000, 0x00000000ebd00000, 0x0000000100000000)
  eden space 4608K, 16% used [0x00000000eab00000,0x00000000eabba090,0x00000000eaf80000)
  from space 7168K, 85% used [0x00000000eaf80000,0x00000000eb5799f0,0x00000000eb680000)
  to   space 6656K, 0% used [0x00000000eb680000,0x00000000eb680000,0x00000000ebd00000)
 ParOldGen       total 153088K, used 127866K [0x00000000c0000000, 0x00000000c9580000, 0x00000000eab00000)
  object space 153088K, 83% used [0x00000000c0000000,0x00000000c7cdeb30,0x00000000c9580000)
 Metaspace       used 71995K, committed 73280K, reserved 1114112K
  class space    used 7365K, committed 7936K, reserved 1048576K

Card table byte_map: [0x000001b90d930000,0x000001b90db40000] _byte_map_base: 0x000001b90d330000

Marking Bits: (ParMarkBitMap*) 0x00007fff287552c0
 Begin Bits: [0x000001b91fbe0000, 0x000001b920be0000)
 End Bits:   [0x000001b920be0000, 0x000001b921be0000)

Polling page: 0x000001b90d720000

Metaspace:

Usage:
  Non-class:     63.12 MB used.
      Class:      7.19 MB used.
       Both:     70.31 MB used.

Virtual space:
  Non-class space:       64.00 MB reserved,      63.81 MB (>99%) committed,  1 nodes.
      Class space:        1.00 GB reserved,       7.75 MB ( <1%) committed,  1 nodes.
             Both:        1.06 GB reserved,      71.56 MB (  7%) committed. 

Chunk freelists:
   Non-Class:  32.00 KB
       Class:  8.23 MB
        Both:  8.27 MB

MaxMetaspaceSize: unlimited
CompressedClassSpaceSize: 1.00 GB
Initial GC threshold: 21.00 MB
Current GC threshold: 119.06 MB
CDS: off
MetaspaceReclaimPolicy: balanced
 - commit_granule_bytes: 65536.
 - commit_granule_words: 8192.
 - virtual_space_node_default_size: 8388608.
 - enlarge_chunks_in_place: 1.
 - new_chunks_are_fully_committed: 0.
 - uncommit_free_chunks: 1.
 - use_allocation_guard: 0.
 - handle_deallocations: 1.


Internal statistics:

num_allocs_failed_limit: 6.
num_arena_births: 756.
num_arena_deaths: 16.
num_vsnodes_births: 2.
num_vsnodes_deaths: 0.
num_space_committed: 1145.
num_space_uncommitted: 0.
num_chunks_returned_to_freelist: 23.
num_chunks_taken_from_freelist: 3706.
num_chunk_merges: 7.
num_chunk_splits: 2314.
num_chunks_enlarged: 1367.
num_inconsistent_stats: 0.

CodeHeap 'non-profiled nmethods': size=120000Kb used=8312Kb max_used=8312Kb free=111687Kb
 bounds [0x000001b9186b0000, 0x000001b918ed0000, 0x000001b91fbe0000]
CodeHeap 'profiled nmethods': size=120000Kb used=26156Kb max_used=26156Kb free=93844Kb
 bounds [0x000001b910be0000, 0x000001b912570000, 0x000001b918110000]
CodeHeap 'non-nmethods': size=5760Kb used=1352Kb max_used=1429Kb free=4407Kb
 bounds [0x000001b918110000, 0x000001b918380000, 0x000001b9186b0000]
 total_blobs=11948 nmethods=11251 adapters=609
 compilation: enabled
              stopped_count=0, restarted_count=0
 full_count=0

Compilation events (20 events):
Event: 51.410 Thread 0x000001b921ddea90 nmethod 13616 0x000001b912567710 code [0x000001b9125678a0, 0x000001b912567a58]
Event: 51.594 Thread 0x000001b9280baed0 nmethod 13596 0x000001b918ec2a10 code [0x000001b918ec2dc0, 0x000001b918ec6600]
Event: 51.594 Thread 0x000001b9280baed0 13611       4       sun.nio.fs.WindowsPath::normalize (365 bytes)
Event: 51.670 Thread 0x000001b9280baed0 nmethod 13611 0x000001b918ec9390 code [0x000001b918ec95a0, 0x000001b918eca430]
Event: 51.670 Thread 0x000001b9280baed0 13613       4       java.nio.HeapByteBuffer::getInt (29 bytes)
Event: 51.672 Thread 0x000001b9280baed0 nmethod 13613 0x000001b918ecaf90 code [0x000001b918ecb100, 0x000001b918ecb218]
Event: 51.672 Thread 0x000001b9280baed0 13610       4       java.io.ByteArrayOutputStream::<init> (43 bytes)
Event: 51.673 Thread 0x000001b9280baed0 nmethod 13610 0x000001b918ecb390 code [0x000001b918ecb520, 0x000001b918ecb6d8]
Event: 51.673 Thread 0x000001b9280baed0 13612  s    4       java.io.ByteArrayInputStream::read (73 bytes)
Event: 51.698 Thread 0x000001b9280baed0 nmethod 13612 0x000001b918ecb810 code [0x000001b918ecb9a0, 0x000001b918ecbdb8]
Event: 51.699 Thread 0x000001b9280baed0 13614       4       java.nio.channels.Channels$ReadableByteChannelImpl::implCloseChannel (8 bytes)
Event: 51.699 Thread 0x000001b9280baed0 nmethod 13614 0x000001b918ecbf90 code [0x000001b918ecc100, 0x000001b918ecc198]
Event: 51.799 Thread 0x000001b9280baed0 13617       4       jdk.internal.jimage.ImageBufferCache::releaseBuffer (71 bytes)
Event: 51.808 Thread 0x000001b9280baed0 nmethod 13617 0x000001b918ecc290 code [0x000001b918ecc480, 0x000001b918ecc948]
Event: 51.808 Thread 0x000001b9280baed0 13618       4       jdk.internal.jimage.ImageBufferCache::newCacheEntry (23 bytes)
Event: 51.812 Thread 0x000001b9280baed0 nmethod 13618 0x000001b918ecce10 code [0x000001b918eccfa0, 0x000001b918ecd1b8]
Event: 51.821 Thread 0x000001b921ddea90 13619       3       jdk.internal.jimage.ImageReader$SharedImageReader::getResource (44 bytes)
Event: 51.823 Thread 0x000001b921ddea90 nmethod 13619 0x000001b912567b10 code [0x000001b912567e00, 0x000001b912568d78]
Event: 51.842 Thread 0x000001b9280baed0 13620       4       sun.nio.fs.WindowsPath::getParent (74 bytes)
Event: 51.857 Thread 0x000001b9280baed0 nmethod 13620 0x000001b918ecd390 code [0x000001b918ecd540, 0x000001b918ecdd48]

GC Heap History (20 events):
Event: 51.148 GC heap before
{Heap before GC invocations=396 (full 13):
 PSYoungGen      total 9216K, used 8475K [0x00000000eab00000, 0x00000000eb880000, 0x0000000100000000)
  eden space 4096K, 100% used [0x00000000eab00000,0x00000000eaf00000,0x00000000eaf00000)
  from space 5120K, 85% used [0x00000000eaf00000,0x00000000eb346d68,0x00000000eb400000)
  to   space 4608K, 0% used [0x00000000eb400000,0x00000000eb400000,0x00000000eb880000)
 ParOldGen       total 153088K, used 119837K [0x00000000c0000000, 0x00000000c9580000, 0x00000000eab00000)
  object space 153088K, 78% used [0x00000000c0000000,0x00000000c7507490,0x00000000c9580000)
 Metaspace       used 71995K, committed 73280K, reserved 1114112K
  class space    used 7365K, committed 7936K, reserved 1048576K
}
Event: 51.152 GC heap after
{Heap after GC invocations=396 (full 13):
 PSYoungGen      total 8192K, used 4581K [0x00000000eab00000, 0x00000000eba80000, 0x0000000100000000)
  eden space 3584K, 0% used [0x00000000eab00000,0x00000000eab00000,0x00000000eae80000)
  from space 4608K, 99% used [0x00000000eb400000,0x00000000eb8796d8,0x00000000eb880000)
  to   space 5632K, 0% used [0x00000000eae80000,0x00000000eae80000,0x00000000eb400000)
 ParOldGen       total 153088K, used 120274K [0x00000000c0000000, 0x00000000c9580000, 0x00000000eab00000)
  object space 153088K, 78% used [0x00000000c0000000,0x00000000c7574a98,0x00000000c9580000)
 Metaspace       used 71995K, committed 73280K, reserved 1114112K
  class space    used 7365K, committed 7936K, reserved 1048576K
}
Event: 51.174 GC heap before
{Heap before GC invocations=397 (full 13):
 PSYoungGen      total 8192K, used 8165K [0x00000000eab00000, 0x00000000eba80000, 0x0000000100000000)
  eden space 3584K, 100% used [0x00000000eab00000,0x00000000eae80000,0x00000000eae80000)
  from space 4608K, 99% used [0x00000000eb400000,0x00000000eb8796d8,0x00000000eb880000)
  to   space 5632K, 0% used [0x00000000eae80000,0x00000000eae80000,0x00000000eb400000)
 ParOldGen       total 153088K, used 120274K [0x00000000c0000000, 0x00000000c9580000, 0x00000000eab00000)
  object space 153088K, 78% used [0x00000000c0000000,0x00000000c7574a98,0x00000000c9580000)
 Metaspace       used 71995K, committed 73280K, reserved 1114112K
  class space    used 7365K, committed 7936K, reserved 1048576K
}
Event: 51.178 GC heap after
{Heap after GC invocations=397 (full 13):
 PSYoungGen      total 9216K, used 4382K [0x00000000eab00000, 0x00000000eb900000, 0x0000000100000000)
  eden space 3584K, 0% used [0x00000000eab00000,0x00000000eab00000,0x00000000eae80000)
  from space 5632K, 77% used [0x00000000eae80000,0x00000000eb2c7a60,0x00000000eb400000)
  to   space 5120K, 0% used [0x00000000eb400000,0x00000000eb400000,0x00000000eb900000)
 ParOldGen       total 153088K, used 121054K [0x00000000c0000000, 0x00000000c9580000, 0x00000000eab00000)
  object space 153088K, 79% used [0x00000000c0000000,0x00000000c7637848,0x00000000c9580000)
 Metaspace       used 71995K, committed 73280K, reserved 1114112K
  class space    used 7365K, committed 7936K, reserved 1048576K
}
Event: 51.201 GC heap before
{Heap before GC invocations=398 (full 13):
 PSYoungGen      total 9216K, used 7966K [0x00000000eab00000, 0x00000000eb900000, 0x0000000100000000)
  eden space 3584K, 100% used [0x00000000eab00000,0x00000000eae80000,0x00000000eae80000)
  from space 5632K, 77% used [0x00000000eae80000,0x00000000eb2c7a60,0x00000000eb400000)
  to   space 5120K, 0% used [0x00000000eb400000,0x00000000eb400000,0x00000000eb900000)
 ParOldGen       total 153088K, used 121054K [0x00000000c0000000, 0x00000000c9580000, 0x00000000eab00000)
  object space 153088K, 79% used [0x00000000c0000000,0x00000000c7637848,0x00000000c9580000)
 Metaspace       used 71995K, committed 73280K, reserved 1114112K
  class space    used 7365K, committed 7936K, reserved 1048576K
}
Event: 51.204 GC heap after
{Heap after GC invocations=398 (full 13):
 PSYoungGen      total 9216K, used 4915K [0x00000000eab00000, 0x00000000eb900000, 0x0000000100000000)
  eden space 4096K, 0% used [0x00000000eab00000,0x00000000eab00000,0x00000000eaf00000)
  from space 5120K, 96% used [0x00000000eb400000,0x00000000eb8ccd70,0x00000000eb900000)
  to   space 5120K, 0% used [0x00000000eaf00000,0x00000000eaf00000,0x00000000eb400000)
 ParOldGen       total 153088K, used 121054K [0x00000000c0000000, 0x00000000c9580000, 0x00000000eab00000)
  object space 153088K, 79% used [0x00000000c0000000,0x00000000c7637848,0x00000000c9580000)
 Metaspace       used 71995K, committed 73280K, reserved 1114112K
  class space    used 7365K, committed 7936K, reserved 1048576K
}
Event: 51.229 GC heap before
{Heap before GC invocations=399 (full 13):
 PSYoungGen      total 9216K, used 8677K [0x00000000eab00000, 0x00000000eb900000, 0x0000000100000000)
  eden space 4096K, 91% used [0x00000000eab00000,0x00000000eaeac748,0x00000000eaf00000)
  from space 5120K, 96% used [0x00000000eb400000,0x00000000eb8ccd70,0x00000000eb900000)
  to   space 5120K, 0% used [0x00000000eaf00000,0x00000000eaf00000,0x00000000eb400000)
 ParOldGen       total 153088K, used 121054K [0x00000000c0000000, 0x00000000c9580000, 0x00000000eab00000)
  object space 153088K, 79% used [0x00000000c0000000,0x00000000c7637848,0x00000000c9580000)
 Metaspace       used 71995K, committed 73280K, reserved 1114112K
  class space    used 7365K, committed 7936K, reserved 1048576K
}
Event: 51.233 GC heap after
{Heap after GC invocations=399 (full 13):
 PSYoungGen      total 9216K, used 5114K [0x00000000eab00000, 0x00000000eba80000, 0x0000000100000000)
  eden space 4096K, 0% used [0x00000000eab00000,0x00000000eab00000,0x00000000eaf00000)
  from space 5120K, 99% used [0x00000000eaf00000,0x00000000eb3fe880,0x00000000eb400000)
  to   space 5632K, 0% used [0x00000000eb500000,0x00000000eb500000,0x00000000eba80000)
 ParOldGen       total 153088K, used 121366K [0x00000000c0000000, 0x00000000c9580000, 0x00000000eab00000)
  object space 153088K, 79% used [0x00000000c0000000,0x00000000c7685848,0x00000000c9580000)
 Metaspace       used 71995K, committed 73280K, reserved 1114112K
  class space    used 7365K, committed 7936K, reserved 1048576K
}
Event: 51.267 GC heap before
{Heap before GC invocations=400 (full 13):
 PSYoungGen      total 9216K, used 9210K [0x00000000eab00000, 0x00000000eba80000, 0x0000000100000000)
  eden space 4096K, 100% used [0x00000000eab00000,0x00000000eaf00000,0x00000000eaf00000)
  from space 5120K, 99% used [0x00000000eaf00000,0x00000000eb3fe880,0x00000000eb400000)
  to   space 5632K, 0% used [0x00000000eb500000,0x00000000eb500000,0x00000000eba80000)
 ParOldGen       total 153088K, used 121366K [0x00000000c0000000, 0x00000000c9580000, 0x00000000eab00000)
  object space 153088K, 79% used [0x00000000c0000000,0x00000000c7685848,0x00000000c9580000)
 Metaspace       used 71995K, committed 73280K, reserved 1114112K
  class space    used 7365K, committed 7936K, reserved 1048576K
}
Event: 51.272 GC heap after
{Heap after GC invocations=400 (full 13):
 PSYoungGen      total 10240K, used 5209K [0x00000000eab00000, 0x00000000eba80000, 0x0000000100000000)
  eden space 4608K, 0% used [0x00000000eab00000,0x00000000eab00000,0x00000000eaf80000)
  from space 5632K, 92% used [0x00000000eb500000,0x00000000eba165b0,0x00000000eba80000)
  to   space 5632K, 0% used [0x00000000eaf80000,0x00000000eaf80000,0x00000000eb500000)
 ParOldGen       total 153088K, used 122209K [0x00000000c0000000, 0x00000000c9580000, 0x00000000eab00000)
  object space 153088K, 79% used [0x00000000c0000000,0x00000000c77584d0,0x00000000c9580000)
 Metaspace       used 71995K, committed 73280K, reserved 1114112K
  class space    used 7365K, committed 7936K, reserved 1048576K
}
Event: 51.296 GC heap before
{Heap before GC invocations=401 (full 13):
 PSYoungGen      total 10240K, used 9817K [0x00000000eab00000, 0x00000000eba80000, 0x0000000100000000)
  eden space 4608K, 100% used [0x00000000eab00000,0x00000000eaf80000,0x00000000eaf80000)
  from space 5632K, 92% used [0x00000000eb500000,0x00000000eba165b0,0x00000000eba80000)
  to   space 5632K, 0% used [0x00000000eaf80000,0x00000000eaf80000,0x00000000eb500000)
 ParOldGen       total 153088K, used 122209K [0x00000000c0000000, 0x00000000c9580000, 0x00000000eab00000)
  object space 153088K, 79% used [0x00000000c0000000,0x00000000c77584d0,0x00000000c9580000)
 Metaspace       used 71995K, committed 73280K, reserved 1114112K
  class space    used 7365K, committed 7936K, reserved 1048576K
}
Event: 51.300 GC heap after
{Heap after GC invocations=401 (full 13):
 PSYoungGen      total 10240K, used 5619K [0x00000000eab00000, 0x00000000ebc00000, 0x0000000100000000)
  eden space 4608K, 0% used [0x00000000eab00000,0x00000000eab00000,0x00000000eaf80000)
  from space 5632K, 99% used [0x00000000eaf80000,0x00000000eb4fcfb8,0x00000000eb500000)
  to   space 6144K, 0% used [0x00000000eb600000,0x00000000eb600000,0x00000000ebc00000)
 ParOldGen       total 153088K, used 122529K [0x00000000c0000000, 0x00000000c9580000, 0x00000000eab00000)
  object space 153088K, 80% used [0x00000000c0000000,0x00000000c77a84d0,0x00000000c9580000)
 Metaspace       used 71995K, committed 73280K, reserved 1114112K
  class space    used 7365K, committed 7936K, reserved 1048576K
}
Event: 51.324 GC heap before
{Heap before GC invocations=402 (full 13):
 PSYoungGen      total 10240K, used 10227K [0x00000000eab00000, 0x00000000ebc00000, 0x0000000100000000)
  eden space 4608K, 100% used [0x00000000eab00000,0x00000000eaf80000,0x00000000eaf80000)
  from space 5632K, 99% used [0x00000000eaf80000,0x00000000eb4fcfb8,0x00000000eb500000)
  to   space 6144K, 0% used [0x00000000eb600000,0x00000000eb600000,0x00000000ebc00000)
 ParOldGen       total 153088K, used 122529K [0x00000000c0000000, 0x00000000c9580000, 0x00000000eab00000)
  object space 153088K, 80% used [0x00000000c0000000,0x00000000c77a84d0,0x00000000c9580000)
 Metaspace       used 71995K, committed 73280K, reserved 1114112K
  class space    used 7365K, committed 7936K, reserved 1048576K
}
Event: 51.328 GC heap after
{Heap after GC invocations=402 (full 13):
 PSYoungGen      total 11264K, used 5718K [0x00000000eab00000, 0x00000000ebc80000, 0x0000000100000000)
  eden space 5120K, 0% used [0x00000000eab00000,0x00000000eab00000,0x00000000eb000000)
  from space 6144K, 93% used [0x00000000eb600000,0x00000000ebb95b70,0x00000000ebc00000)
  to   space 6144K, 0% used [0x00000000eb000000,0x00000000eb000000,0x00000000eb600000)
 ParOldGen       total 153088K, used 123315K [0x00000000c0000000, 0x00000000c9580000, 0x00000000eab00000)
  object space 153088K, 80% used [0x00000000c0000000,0x00000000c786ccf0,0x00000000c9580000)
 Metaspace       used 71995K, committed 73280K, reserved 1114112K
  class space    used 7365K, committed 7936K, reserved 1048576K
}
Event: 51.357 GC heap before
{Heap before GC invocations=403 (full 13):
 PSYoungGen      total 11264K, used 10838K [0x00000000eab00000, 0x00000000ebc80000, 0x0000000100000000)
  eden space 5120K, 100% used [0x00000000eab00000,0x00000000eb000000,0x00000000eb000000)
  from space 6144K, 93% used [0x00000000eb600000,0x00000000ebb95b70,0x00000000ebc00000)
  to   space 6144K, 0% used [0x00000000eb000000,0x00000000eb000000,0x00000000eb600000)
 ParOldGen       total 153088K, used 123315K [0x00000000c0000000, 0x00000000c9580000, 0x00000000eab00000)
  object space 153088K, 80% used [0x00000000c0000000,0x00000000c786ccf0,0x00000000c9580000)
 Metaspace       used 71995K, committed 73280K, reserved 1114112K
  class space    used 7365K, committed 7936K, reserved 1048576K
}
Event: 51.360 GC heap after
{Heap after GC invocations=403 (full 13):
 PSYoungGen      total 11264K, used 5933K [0x00000000eab00000, 0x00000000ebc80000, 0x0000000100000000)
  eden space 5120K, 0% used [0x00000000eab00000,0x00000000eab00000,0x00000000eb000000)
  from space 6144K, 96% used [0x00000000eb000000,0x00000000eb5cb458,0x00000000eb600000)
  to   space 6144K, 0% used [0x00000000eb680000,0x00000000eb680000,0x00000000ebc80000)
 ParOldGen       total 153088K, used 123847K [0x00000000c0000000, 0x00000000c9580000, 0x00000000eab00000)
  object space 153088K, 80% used [0x00000000c0000000,0x00000000c78f1da8,0x00000000c9580000)
 Metaspace       used 71995K, committed 73280K, reserved 1114112K
  class space    used 7365K, committed 7936K, reserved 1048576K
}
Event: 51.413 GC heap before
{Heap before GC invocations=404 (full 13):
 PSYoungGen      total 11264K, used 11053K [0x00000000eab00000, 0x00000000ebc80000, 0x0000000100000000)
  eden space 5120K, 100% used [0x00000000eab00000,0x00000000eb000000,0x00000000eb000000)
  from space 6144K, 96% used [0x00000000eb000000,0x00000000eb5cb458,0x00000000eb600000)
  to   space 6144K, 0% used [0x00000000eb680000,0x00000000eb680000,0x00000000ebc80000)
 ParOldGen       total 153088K, used 123847K [0x00000000c0000000, 0x00000000c9580000, 0x00000000eab00000)
  object space 153088K, 80% used [0x00000000c0000000,0x00000000c78f1da8,0x00000000c9580000)
 Metaspace       used 71995K, committed 73280K, reserved 1114112K
  class space    used 7365K, committed 7936K, reserved 1048576K
}
Event: 51.417 GC heap after
{Heap after GC invocations=404 (full 13):
 PSYoungGen      total 10752K, used 6123K [0x00000000eab00000, 0x00000000ebe80000, 0x0000000100000000)
  eden space 4608K, 0% used [0x00000000eab00000,0x00000000eab00000,0x00000000eaf80000)
  from space 6144K, 99% used [0x00000000eb680000,0x00000000ebc7ad90,0x00000000ebc80000)
  to   space 7168K, 0% used [0x00000000eaf80000,0x00000000eaf80000,0x00000000eb680000)
 ParOldGen       total 153088K, used 124409K [0x00000000c0000000, 0x00000000c9580000, 0x00000000eab00000)
  object space 153088K, 81% used [0x00000000c0000000,0x00000000c797e468,0x00000000c9580000)
 Metaspace       used 71995K, committed 73280K, reserved 1114112K
  class space    used 7365K, committed 7936K, reserved 1048576K
}
Event: 51.827 GC heap before
{Heap before GC invocations=405 (full 13):
 PSYoungGen      total 10752K, used 10731K [0x00000000eab00000, 0x00000000ebe80000, 0x0000000100000000)
  eden space 4608K, 100% used [0x00000000eab00000,0x00000000eaf80000,0x00000000eaf80000)
  from space 6144K, 99% used [0x00000000eb680000,0x00000000ebc7ad90,0x00000000ebc80000)
  to   space 7168K, 0% used [0x00000000eaf80000,0x00000000eaf80000,0x00000000eb680000)
 ParOldGen       total 153088K, used 124409K [0x00000000c0000000, 0x00000000c9580000, 0x00000000eab00000)
  object space 153088K, 81% used [0x00000000c0000000,0x00000000c797e468,0x00000000c9580000)
 Metaspace       used 71995K, committed 73280K, reserved 1114112K
  class space    used 7365K, committed 7936K, reserved 1048576K
}
Event: 51.830 GC heap after
{Heap after GC invocations=405 (full 13):
 PSYoungGen      total 10752K, used 5803K [0x00000000eab00000, 0x00000000ebc00000, 0x0000000100000000)
  eden space 4608K, 0% used [0x00000000eab00000,0x00000000eab00000,0x00000000eaf80000)
  from space 6144K, 94% used [0x00000000eaf80000,0x00000000eb52ae70,0x00000000eb580000)
  to   space 6144K, 0% used [0x00000000eb600000,0x00000000eb600000,0x00000000ebc00000)
 ParOldGen       total 153088K, used 125409K [0x00000000c0000000, 0x00000000c9580000, 0x00000000eab00000)
  object space 153088K, 81% used [0x00000000c0000000,0x00000000c7a784e0,0x00000000c9580000)
 Metaspace       used 71995K, committed 73280K, reserved 1114112K
  class space    used 7365K, committed 7936K, reserved 1048576K
}

Dll operation events (13 events):
Event: 0.024 Loaded shared library c:\Users\Lenovo\.vscode\extensions\redhat.java-1.18.0-win32-x64\jre\17.0.7-win32-x86_64\bin\java.dll
Event: 0.697 Loaded shared library c:\Users\Lenovo\.vscode\extensions\redhat.java-1.18.0-win32-x64\jre\17.0.7-win32-x86_64\bin\zip.dll
Event: 0.788 Loaded shared library C:\Users\Lenovo\.vscode\extensions\redhat.java-1.18.0-win32-x64\jre\17.0.7-win32-x86_64\bin\instrument.dll
Event: 0.885 Loaded shared library C:\Users\Lenovo\.vscode\extensions\redhat.java-1.18.0-win32-x64\jre\17.0.7-win32-x86_64\bin\net.dll
Event: 0.891 Loaded shared library C:\Users\Lenovo\.vscode\extensions\redhat.java-1.18.0-win32-x64\jre\17.0.7-win32-x86_64\bin\nio.dll
Event: 0.903 Loaded shared library C:\Users\Lenovo\.vscode\extensions\redhat.java-1.18.0-win32-x64\jre\17.0.7-win32-x86_64\bin\zip.dll
Event: 0.981 Loaded shared library C:\Users\Lenovo\.vscode\extensions\redhat.java-1.18.0-win32-x64\jre\17.0.7-win32-x86_64\bin\jimage.dll
Event: 1.191 Loaded shared library c:\Users\Lenovo\.vscode\extensions\redhat.java-1.18.0-win32-x64\jre\17.0.7-win32-x86_64\bin\verify.dll
Event: 3.806 Loaded shared library C:\Users\Lenovo\AppData\Roaming\Code\User\globalStorage\redhat.java\1.18.0\config_win\org.eclipse.equinox.launcher\org.eclipse.equinox.launcher.win32.win32.x86_64_1.2.700.v20221108-1024\eclipse_11801.dll
Event: 5.190 Loaded shared library C:\Users\Lenovo\.vscode\extensions\redhat.java-1.18.0-win32-x64\jre\17.0.7-win32-x86_64\bin\management.dll
Event: 5.202 Loaded shared library C:\Users\Lenovo\.vscode\extensions\redhat.java-1.18.0-win32-x64\jre\17.0.7-win32-x86_64\bin\management_ext.dll
Event: 7.863 Loaded shared library C:\Users\Lenovo\AppData\Local\Temp\jna--2022488749\jna9968483651336010574.dll
Event: 41.369 Loaded shared library C:\Users\Lenovo\.vscode\extensions\redhat.java-1.18.0-win32-x64\jre\17.0.7-win32-x86_64\bin\sunmscapi.dll

Deoptimization events (20 events):
Event: 50.180 Thread 0x000001b927fec5b0 DEOPT PACKING pc=0x000001b918b578e4 sp=0x0000000f238ff050
Event: 50.180 Thread 0x000001b927fec5b0 DEOPT UNPACKING pc=0x000001b9181666a3 sp=0x0000000f238fefd0 mode 2
Event: 50.180 Thread 0x000001b927fec5b0 Uncommon trap: trap_request=0xffffffde fr.pc=0x000001b918b578e4 relative=0x0000000000003104
Event: 50.180 Thread 0x000001b927fec5b0 Uncommon trap: reason=class_check action=maybe_recompile pc=0x000001b918b578e4 method=org.eclipse.jdt.internal.compiler.util.JrtFileSystem$2.visitFile(Ljava/nio/file/Path;Ljava/nio/file/attribute/BasicFileAttributes;)Ljava/nio/file/FileVisitResult; @ 66 c
Event: 50.180 Thread 0x000001b927fec5b0 DEOPT PACKING pc=0x000001b918b578e4 sp=0x0000000f238ff050
Event: 50.180 Thread 0x000001b927fec5b0 DEOPT UNPACKING pc=0x000001b9181666a3 sp=0x0000000f238fefd0 mode 2
Event: 50.181 Thread 0x000001b927fec5b0 Uncommon trap: trap_request=0xffffffde fr.pc=0x000001b918cff478 relative=0x0000000000003118
Event: 50.181 Thread 0x000001b927fec5b0 Uncommon trap: reason=class_check action=maybe_recompile pc=0x000001b918cff478 method=org.eclipse.jdt.internal.compiler.util.JrtFileSystem$2.visitFile(Ljava/nio/file/Path;Ljava/nio/file/attribute/BasicFileAttributes;)Ljava/nio/file/FileVisitResult; @ 66 c
Event: 50.181 Thread 0x000001b927fec5b0 DEOPT PACKING pc=0x000001b918cff478 sp=0x0000000f238fefe0
Event: 50.181 Thread 0x000001b927fec5b0 DEOPT UNPACKING pc=0x000001b9181666a3 sp=0x0000000f238fefd0 mode 2
Event: 50.359 Thread 0x000001b927fec5b0 Uncommon trap: trap_request=0xffffff45 fr.pc=0x000001b918849f34 relative=0x0000000000000134
Event: 50.359 Thread 0x000001b927fec5b0 Uncommon trap: reason=unstable_if action=reinterpret pc=0x000001b918849f34 method=org.eclipse.jdt.internal.core.search.indexing.BinaryIndexer.replace(CC[C)[C @ 1 c2
Event: 50.359 Thread 0x000001b927fec5b0 DEOPT PACKING pc=0x000001b918849f34 sp=0x0000000f238fec70
Event: 50.359 Thread 0x000001b927fec5b0 DEOPT UNPACKING pc=0x000001b9181666a3 sp=0x0000000f238febf0 mode 2
Event: 50.456 Thread 0x000001b927fec5b0 DEOPT PACKING pc=0x000001b912554788 sp=0x0000000f238fe910
Event: 50.456 Thread 0x000001b927fec5b0 DEOPT UNPACKING pc=0x000001b918166e43 sp=0x0000000f238fdd78 mode 0
Event: 50.458 Thread 0x000001b927fec5b0 Uncommon trap: trap_request=0xffffff45 fr.pc=0x000001b918c85698 relative=0x00000000000086b8
Event: 50.458 Thread 0x000001b927fec5b0 Uncommon trap: reason=unstable_if action=reinterpret pc=0x000001b918c85698 method=org.eclipse.jdt.internal.compiler.classfmt.ClassFileReader.getModifiers()I @ 45 c2
Event: 50.458 Thread 0x000001b927fec5b0 DEOPT PACKING pc=0x000001b918c85698 sp=0x0000000f238fecb0
Event: 50.458 Thread 0x000001b927fec5b0 DEOPT UNPACKING pc=0x000001b9181666a3 sp=0x0000000f238fec20 mode 2

Classes unloaded (8 events):
Event: 5.490 Thread 0x000001b921c77450 Unloading class 0x000000010021e400 'java/lang/invoke/LambdaForm$MH+0x000000010021e400'
Event: 5.490 Thread 0x000001b921c77450 Unloading class 0x000000010021e000 'java/lang/invoke/LambdaForm$MH+0x000000010021e000'
Event: 5.490 Thread 0x000001b921c77450 Unloading class 0x000000010021dc00 'java/lang/invoke/LambdaForm$MH+0x000000010021dc00'
Event: 5.490 Thread 0x000001b921c77450 Unloading class 0x000000010021d800 'java/lang/invoke/LambdaForm$MH+0x000000010021d800'
Event: 5.490 Thread 0x000001b921c77450 Unloading class 0x000000010021d000 'java/lang/invoke/LambdaForm$BMH+0x000000010021d000'
Event: 5.490 Thread 0x000001b921c77450 Unloading class 0x000000010021cc00 'java/lang/invoke/LambdaForm$DMH+0x000000010021cc00'
Event: 5.490 Thread 0x000001b921c77450 Unloading class 0x000000010021a000 'java/lang/invoke/LambdaForm$DMH+0x000000010021a000'
Event: 24.865 Thread 0x000001b921c77450 Unloading class 0x00000001005f8400 'java/lang/invoke/LambdaForm$DMH+0x00000001005f8400'

Classes redefined (0 events):
No events

Internal exceptions (20 events):
Event: 48.391 Thread 0x000001b92816e5f0 Exception <a 'sun/nio/fs/WindowsException'{0x00000000eb4d3f20}> (0x00000000eb4d3f20) 
thrown [s\src\hotspot\share\prims\jni.cpp, line 516]
Event: 48.397 Thread 0x000001b92816e5f0 Exception <a 'sun/nio/fs/WindowsException'{0x00000000eb4f3b88}> (0x00000000eb4f3b88) 
thrown [s\src\hotspot\share\prims\jni.cpp, line 516]
Event: 48.411 Thread 0x000001b92816e5f0 Exception <a 'sun/nio/fs/WindowsException'{0x00000000eb5418e0}> (0x00000000eb5418e0) 
thrown [s\src\hotspot\share\prims\jni.cpp, line 516]
Event: 48.421 Thread 0x000001b92816e5f0 Exception <a 'sun/nio/fs/WindowsException'{0x00000000eb54f428}> (0x00000000eb54f428) 
thrown [s\src\hotspot\share\prims\jni.cpp, line 516]
Event: 48.424 Thread 0x000001b92816e5f0 Exception <a 'sun/nio/fs/WindowsException'{0x00000000eb5ab740}> (0x00000000eb5ab740) 
thrown [s\src\hotspot\share\prims\jni.cpp, line 516]
Event: 48.435 Thread 0x000001b92816e5f0 Exception <a 'sun/nio/fs/WindowsException'{0x00000000eb657f80}> (0x00000000eb657f80) 
thrown [s\src\hotspot\share\prims\jni.cpp, line 516]
Event: 48.440 Thread 0x000001b92816e5f0 Exception <a 'sun/nio/fs/WindowsException'{0x00000000eb673f00}> (0x00000000eb673f00) 
thrown [s\src\hotspot\share\prims\jni.cpp, line 516]
Event: 48.475 Thread 0x000001b92816e5f0 Exception <a 'sun/nio/fs/WindowsException'{0x00000000eabe0008}> (0x00000000eabe0008) 
thrown [s\src\hotspot\share\prims\jni.cpp, line 516]
Event: 48.480 Thread 0x000001b92816e5f0 Exception <a 'sun/nio/fs/WindowsException'{0x00000000eabf06f8}> (0x00000000eabf06f8) 
thrown [s\src\hotspot\share\prims\jni.cpp, line 516]
Event: 48.489 Thread 0x000001b92816e5f0 Exception <a 'sun/nio/fs/WindowsException'{0x00000000eac18100}> (0x00000000eac18100) 
thrown [s\src\hotspot\share\prims\jni.cpp, line 516]
Event: 48.492 Thread 0x000001b92816e5f0 Exception <a 'sun/nio/fs/WindowsException'{0x00000000eac244a8}> (0x00000000eac244a8) 
thrown [s\src\hotspot\share\prims\jni.cpp, line 516]
Event: 48.497 Thread 0x000001b92816e5f0 Exception <a 'sun/nio/fs/WindowsException'{0x00000000eac35478}> (0x00000000eac35478) 
thrown [s\src\hotspot\share\prims\jni.cpp, line 516]
Event: 48.498 Thread 0x000001b92816e5f0 Exception <a 'sun/nio/fs/WindowsException'{0x00000000eac35c38}> (0x00000000eac35c38) 
thrown [s\src\hotspot\share\prims\jni.cpp, line 516]
Event: 48.498 Thread 0x000001b92816e5f0 Exception <a 'sun/nio/fs/WindowsException'{0x00000000eac36438}> (0x00000000eac36438) 
thrown [s\src\hotspot\share\prims\jni.cpp, line 516]
Event: 48.500 Thread 0x000001b92816e5f0 Exception <a 'sun/nio/fs/WindowsException'{0x00000000eac3b7a8}> (0x00000000eac3b7a8) 
thrown [s\src\hotspot\share\prims\jni.cpp, line 516]
Event: 48.501 Thread 0x000001b92816e5f0 Exception <a 'sun/nio/fs/WindowsException'{0x00000000eac41288}> (0x00000000eac41288) 
thrown [s\src\hotspot\share\prims\jni.cpp, line 516]
Event: 48.503 Thread 0x000001b92816e5f0 Exception <a 'sun/nio/fs/WindowsException'{0x00000000eac47210}> (0x00000000eac47210) 
thrown [s\src\hotspot\share\prims\jni.cpp, line 516]
Event: 48.581 Thread 0x000001b92816e5f0 Exception <a 'sun/nio/fs/WindowsException'{0x00000000eb4fd430}> (0x00000000eb4fd430) 
thrown [s\src\hotspot\share\prims\jni.cpp, line 516]
Event: 49.929 Thread 0x000001b927fec5b0 Exception <a 'java/lang/ClassCastException'{0x00000000eaded820}> (0x00000000eaded820) 
thrown [s\src\hotspot\share\runtime\sharedRuntime.cpp, line 628]
Event: 50.359 Thread 0x000001b927fec5b0 Implicit null exception at 0x000001b918849e2c to 0x000001b918849f1c

VM Operations (20 events):
Event: 51.148 Executing VM operation: ParallelGCFailedAllocation
Event: 51.152 Executing VM operation: ParallelGCFailedAllocation done
Event: 51.174 Executing VM operation: ParallelGCFailedAllocation
Event: 51.178 Executing VM operation: ParallelGCFailedAllocation done
Event: 51.201 Executing VM operation: ParallelGCFailedAllocation
Event: 51.204 Executing VM operation: ParallelGCFailedAllocation done
Event: 51.229 Executing VM operation: ParallelGCFailedAllocation
Event: 51.234 Executing VM operation: ParallelGCFailedAllocation done
Event: 51.267 Executing VM operation: ParallelGCFailedAllocation
Event: 51.272 Executing VM operation: ParallelGCFailedAllocation done
Event: 51.296 Executing VM operation: ParallelGCFailedAllocation
Event: 51.300 Executing VM operation: ParallelGCFailedAllocation done
Event: 51.324 Executing VM operation: ParallelGCFailedAllocation
Event: 51.328 Executing VM operation: ParallelGCFailedAllocation done
Event: 51.357 Executing VM operation: ParallelGCFailedAllocation
Event: 51.360 Executing VM operation: ParallelGCFailedAllocation done
Event: 51.413 Executing VM operation: ParallelGCFailedAllocation
Event: 51.417 Executing VM operation: ParallelGCFailedAllocation done
Event: 51.827 Executing VM operation: ParallelGCFailedAllocation
Event: 51.830 Executing VM operation: ParallelGCFailedAllocation done

Events (20 events):
Event: 47.649 Thread 0x000001b9290ad150 Thread added: 0x000001b9290ad150
Event: 47.649 Thread 0x000001b9290adaf0 Thread added: 0x000001b9290adaf0
Event: 47.649 Thread 0x000001b9290abe10 Thread added: 0x000001b9290abe10
Event: 47.650 Thread 0x000001b927feddc0 Thread added: 0x000001b927feddc0
Event: 47.650 Thread 0x000001b927feb740 Thread added: 0x000001b927feb740
Event: 47.742 Thread 0x000001b927feddc0 Thread exited: 0x000001b927feddc0
Event: 47.743 Thread 0x000001b9290abe10 Thread exited: 0x000001b9290abe10
Event: 47.746 Thread 0x000001b927feb740 Thread exited: 0x000001b927feb740
Event: 47.749 Thread 0x000001b9290adaf0 Thread exited: 0x000001b9290adaf0
Event: 47.750 Thread 0x000001b9290ad150 Thread exited: 0x000001b9290ad150
Event: 47.808 Thread 0x000001b927feb740 Thread added: 0x000001b927feb740
Event: 48.486 Thread 0x000001b927feb740 Thread exited: 0x000001b927feb740
Event: 48.544 Thread 0x000001b926f07c60 flushing nmethod 0x000001b91218ce90
Event: 48.545 Thread 0x000001b926f07c60 flushing nmethod 0x000001b91233bc10
Event: 48.569 Thread 0x000001b9290adaf0 Thread added: 0x000001b9290adaf0
Event: 48.580 Thread 0x000001b9290adaf0 Thread exited: 0x000001b9290adaf0
Event: 49.302 loading class java/util/stream/ReduceOps$1
Event: 49.302 loading class java/util/stream/ReduceOps$1 done
Event: 49.302 loading class java/util/stream/ReduceOps$1ReducingSink
Event: 49.302 loading class java/util/stream/ReduceOps$1ReducingSink done


Dynamic libraries:
0x00007ff79bb40000 - 0x00007ff79bb4e000 	c:\Users\Lenovo\.vscode\extensions\redhat.java-1.18.0-win32-x64\jre\17.0.7-win32-x86_64\bin\java.exe
0x00007fffa11d0000 - 0x00007fffa13c8000 	C:\WINDOWS\SYSTEM32\ntdll.dll
0x00007fff9f980000 - 0x00007fff9fa3f000 	C:\WINDOWS\System32\KERNEL32.DLL
0x00007fff9ed10000 - 0x00007fff9f006000 	C:\WINDOWS\System32\KERNELBASE.dll
0x00007fff9f130000 - 0x00007fff9f230000 	C:\WINDOWS\System32\ucrtbase.dll
0x00007fff6d630000 - 0x00007fff6d647000 	c:\Users\Lenovo\.vscode\extensions\redhat.java-1.18.0-win32-x64\jre\17.0.7-win32-x86_64\bin\jli.dll
0x00007fff9fc10000 - 0x00007fff9fdad000 	C:\WINDOWS\System32\USER32.dll
0x00007fff9ece0000 - 0x00007fff9ed02000 	C:\WINDOWS\System32\win32u.dll
0x00007fffa0760000 - 0x00007fffa078c000 	C:\WINDOWS\System32\GDI32.dll
0x00007fff9f010000 - 0x00007fff9f125000 	C:\WINDOWS\System32\gdi32full.dll
0x00007fff9eac0000 - 0x00007fff9eb5d000 	C:\WINDOWS\System32\msvcp_win.dll
0x00007fff6d0d0000 - 0x00007fff6d0e9000 	c:\Users\Lenovo\.vscode\extensions\redhat.java-1.18.0-win32-x64\jre\17.0.7-win32-x86_64\bin\VCRUNTIME140.dll
0x00007fff91120000 - 0x00007fff913ba000 	C:\WINDOWS\WinSxS\amd64_microsoft.windows.common-controls_6595b64144ccf1df_6.0.19041.1110_none_60b5254171f9507e\COMCTL32.dll
0x00007fffa0550000 - 0x00007fffa05ee000 	C:\WINDOWS\System32\msvcrt.dll
0x00007fffa1020000 - 0x00007fffa1050000 	C:\WINDOWS\System32\IMM32.DLL
0x00007fff8a1c0000 - 0x00007fff8a1cc000 	c:\Users\Lenovo\.vscode\extensions\redhat.java-1.18.0-win32-x64\jre\17.0.7-win32-x86_64\bin\vcruntime140_1.dll
0x00007fff681a0000 - 0x00007fff68231000 	c:\Users\Lenovo\.vscode\extensions\redhat.java-1.18.0-win32-x64\jre\17.0.7-win32-x86_64\bin\msvcp140.dll
0x00007fff27bd0000 - 0x00007fff28818000 	c:\Users\Lenovo\.vscode\extensions\redhat.java-1.18.0-win32-x64\jre\17.0.7-win32-x86_64\bin\server\jvm.dll
0x00007fffa10e0000 - 0x00007fffa118f000 	C:\WINDOWS\System32\ADVAPI32.dll
0x00007fffa0010000 - 0x00007fffa00ac000 	C:\WINDOWS\System32\sechost.dll
0x00007fffa0cd0000 - 0x00007fffa0df6000 	C:\WINDOWS\System32\RPCRT4.dll
0x00007fff9ae40000 - 0x00007fff9ae49000 	C:\WINDOWS\SYSTEM32\WSOCK32.dll
0x00007fffa1070000 - 0x00007fffa10db000 	C:\WINDOWS\System32\WS2_32.dll
0x00007fff90f50000 - 0x00007fff90f77000 	C:\WINDOWS\SYSTEM32\WINMM.dll
0x00007fff90810000 - 0x00007fff9081a000 	C:\WINDOWS\SYSTEM32\VERSION.dll
0x00007fff9c790000 - 0x00007fff9c7a2000 	C:\WINDOWS\SYSTEM32\kernel.appcore.dll
0x00007fff89c80000 - 0x00007fff89c8a000 	c:\Users\Lenovo\.vscode\extensions\redhat.java-1.18.0-win32-x64\jre\17.0.7-win32-x86_64\bin\jimage.dll
0x00007fff8dec0000 - 0x00007fff8e0a4000 	C:\WINDOWS\SYSTEM32\DBGHELP.DLL
0x00007fff8dd20000 - 0x00007fff8dd54000 	C:\WINDOWS\SYSTEM32\dbgcore.DLL
0x00007fff9ec50000 - 0x00007fff9ecd2000 	C:\WINDOWS\System32\bcryptPrimitives.dll
0x00007fff898e0000 - 0x00007fff898ee000 	c:\Users\Lenovo\.vscode\extensions\redhat.java-1.18.0-win32-x64\jre\17.0.7-win32-x86_64\bin\instrument.dll
0x00007fff68920000 - 0x00007fff68945000 	c:\Users\Lenovo\.vscode\extensions\redhat.java-1.18.0-win32-x64\jre\17.0.7-win32-x86_64\bin\java.dll
0x00007fff6bd10000 - 0x00007fff6bd28000 	c:\Users\Lenovo\.vscode\extensions\redhat.java-1.18.0-win32-x64\jre\17.0.7-win32-x86_64\bin\zip.dll
0x00007fff9f230000 - 0x00007fff9f974000 	C:\WINDOWS\System32\SHELL32.dll
0x00007fff9c990000 - 0x00007fff9d123000 	C:\WINDOWS\SYSTEM32\windows.storage.dll
0x00007fffa00b0000 - 0x00007fffa0404000 	C:\WINDOWS\System32\combase.dll
0x00007fff9e230000 - 0x00007fff9e25e000 	C:\WINDOWS\SYSTEM32\Wldp.dll
0x00007fffa0ec0000 - 0x00007fffa0f6d000 	C:\WINDOWS\System32\SHCORE.dll
0x00007fff9ff30000 - 0x00007fff9ff85000 	C:\WINDOWS\System32\shlwapi.dll
0x00007fff9e7f0000 - 0x00007fff9e80f000 	C:\WINDOWS\SYSTEM32\profapi.dll
0x00007fff49350000 - 0x00007fff49369000 	C:\Users\Lenovo\.vscode\extensions\redhat.java-1.18.0-win32-x64\jre\17.0.7-win32-x86_64\bin\net.dll
0x00007fff94140000 - 0x00007fff9424a000 	C:\WINDOWS\SYSTEM32\WINHTTP.dll
0x00007fff9df90000 - 0x00007fff9dffa000 	C:\WINDOWS\system32\mswsock.dll
0x00007fff44ee0000 - 0x00007fff44ef5000 	C:\Users\Lenovo\.vscode\extensions\redhat.java-1.18.0-win32-x64\jre\17.0.7-win32-x86_64\bin\nio.dll
0x00007fff87d30000 - 0x00007fff87d40000 	c:\Users\Lenovo\.vscode\extensions\redhat.java-1.18.0-win32-x64\jre\17.0.7-win32-x86_64\bin\verify.dll
0x00007fff68160000 - 0x00007fff6819e000 	C:\Users\Lenovo\AppData\Roaming\Code\User\globalStorage\redhat.java\1.18.0\config_win\org.eclipse.equinox.launcher\org.eclipse.equinox.launcher.win32.win32.x86_64_1.2.700.v20221108-1024\eclipse_11801.dll
0x00007fffa0410000 - 0x00007fffa053a000 	C:\WINDOWS\System32\ole32.dll
0x00007fff876d0000 - 0x00007fff876d9000 	C:\Users\Lenovo\.vscode\extensions\redhat.java-1.18.0-win32-x64\jre\17.0.7-win32-x86_64\bin\management.dll
0x00007fff87000000 - 0x00007fff8700b000 	C:\Users\Lenovo\.vscode\extensions\redhat.java-1.18.0-win32-x64\jre\17.0.7-win32-x86_64\bin\management_ext.dll
0x00007fffa0540000 - 0x00007fffa0548000 	C:\WINDOWS\System32\PSAPI.DLL
0x00007fff9e190000 - 0x00007fff9e1a8000 	C:\WINDOWS\SYSTEM32\CRYPTSP.dll
0x00007fff9d8b0000 - 0x00007fff9d8e4000 	C:\WINDOWS\system32\rsaenh.dll
0x00007fff9ec20000 - 0x00007fff9ec47000 	C:\WINDOWS\System32\bcrypt.dll
0x00007fff9e770000 - 0x00007fff9e79e000 	C:\WINDOWS\SYSTEM32\USERENV.dll
0x00007fff9e180000 - 0x00007fff9e18c000 	C:\WINDOWS\SYSTEM32\CRYPTBASE.dll
0x00007fff9dc80000 - 0x00007fff9dcbc000 	C:\WINDOWS\SYSTEM32\IPHLPAPI.DLL
0x00007fffa1050000 - 0x00007fffa1058000 	C:\WINDOWS\System32\NSI.dll
0x00007fff956e0000 - 0x00007fff956f7000 	C:\WINDOWS\SYSTEM32\dhcpcsvc6.DLL
0x00007fff965c0000 - 0x00007fff965dd000 	C:\WINDOWS\SYSTEM32\dhcpcsvc.DLL
0x00007fff9dcc0000 - 0x00007fff9dd8b000 	C:\WINDOWS\SYSTEM32\DNSAPI.dll
0x00007fff68240000 - 0x00007fff68285000 	C:\Users\Lenovo\AppData\Local\Temp\jna--2022488749\jna9968483651336010574.dll
0x00007fff9ae50000 - 0x00007fff9ae5e000 	C:\Users\Lenovo\.vscode\extensions\redhat.java-1.18.0-win32-x64\jre\17.0.7-win32-x86_64\bin\sunmscapi.dll
0x00007fff9e960000 - 0x00007fff9eabe000 	C:\WINDOWS\System32\CRYPT32.dll
0x00007fff9e2a0000 - 0x00007fff9e2c8000 	C:\WINDOWS\SYSTEM32\ncrypt.dll
0x00007fff9e260000 - 0x00007fff9e29b000 	C:\WINDOWS\SYSTEM32\NTASN1.dll

dbghelp: loaded successfully - version: 4.0.5 - missing functions: none
symbol engine: initialized successfully - sym options: 0x614 - pdb path: .;c:\Users\Lenovo\.vscode\extensions\redhat.java-1.18.0-win32-x64\jre\17.0.7-win32-x86_64\bin;C:\WINDOWS\SYSTEM32;C:\WINDOWS\WinSxS\amd64_microsoft.windows.common-controls_6595b64144ccf1df_6.0.19041.1110_none_60b5254171f9507e;c:\Users\Lenovo\.vscode\extensions\redhat.java-1.18.0-win32-x64\jre\17.0.7-win32-x86_64\bin\server;C:\Users\Lenovo\AppData\Roaming\Code\User\globalStorage\redhat.java\1.18.0\config_win\org.eclipse.equinox.launcher\org.eclipse.equinox.launcher.win32.win32.x86_64_1.2.700.v20221108-1024;C:\Users\Lenovo\AppData\Local\Temp\jna--2022488749

VM Arguments:
jvm_args: --add-modules=ALL-SYSTEM --add-opens=java.base/java.util=ALL-UNNAMED --add-opens=java.base/java.lang=ALL-UNNAMED --add-opens=java.base/sun.nio.fs=ALL-UNNAMED -Declipse.application=org.eclipse.jdt.ls.core.id1 -Dosgi.bundles.defaultStartLevel=4 -Declipse.product=org.eclipse.jdt.ls.core.product -Djava.import.generatesMetadataFilesAtProjectRoot=false -Dfile.encoding=utf8 -XX:+UseParallelGC -XX:GCTimeRatio=4 -XX:AdaptiveSizePolicyWeight=90 -Dsun.zip.disableMemoryMapping=true -Xmx1G -Xms100m -Xlog:disable -javaagent:c:\Users\Lenovo\.vscode\extensions\redhat.java-1.18.0-win32-x64\lombok\lombok-1.18.27.jar -XX:+HeapDumpOnOutOfMemoryError -XX:HeapDumpPath=c:\Users\Lenovo\AppData\Roaming\Code\User\workspaceStorage\4011076457deea44d927eb32fa88a9eb\redhat.java -Daether.dependencyCollector.impl=bf 
java_command: c:\Users\Lenovo\.vscode\extensions\redhat.java-1.18.0-win32-x64\server\plugins\org.eclipse.equinox.launcher_1.6.400.v20210924-0641.jar -configuration c:\Users\Lenovo\AppData\Roaming\Code\User\globalStorage\redhat.java\1.18.0\config_win -data c:\Users\Lenovo\AppData\Roaming\Code\User\workspaceStorage\4011076457deea44d927eb32fa88a9eb\redhat.java\jdt_ws
java_class_path (initial): c:\Users\Lenovo\.vscode\extensions\redhat.java-1.18.0-win32-x64\server\plugins\org.eclipse.equinox.launcher_1.6.400.v20210924-0641.jar
Launcher Type: SUN_STANDARD

[Global flags]
    uintx AdaptiveSizePolicyWeight                 = 90                                        {product} {command line}
     intx CICompilerCount                          = 3                                         {product} {ergonomic}
    uintx GCTimeRatio                              = 4                                         {product} {command line}
     bool HeapDumpOnOutOfMemoryError               = true                                   {manageable} {command line}
    ccstr HeapDumpPath                             = c:\Users\Lenovo\AppData\Roaming\Code\User\workspaceStorage\4011076457deea44d927eb32fa88a9eb\redhat.java         {manageable} {command line}
   size_t InitialHeapSize                          = 104857600                                 {product} {command line}
   size_t MaxHeapSize                              = 1073741824                                {product} {command line}
   size_t MaxNewSize                               = 357564416                                 {product} {ergonomic}
   size_t MinHeapDeltaBytes                        = 524288                                    {product} {ergonomic}
   size_t MinHeapSize                              = 104857600                                 {product} {command line}
   size_t NewSize                                  = 34603008                                  {product} {ergonomic}
    uintx NonNMethodCodeHeapSize                   = 5832780                                {pd product} {ergonomic}
    uintx NonProfiledCodeHeapSize                  = 122912730                              {pd product} {ergonomic}
   size_t OldSize                                  = 70254592                                  {product} {ergonomic}
    uintx ProfiledCodeHeapSize                     = 122912730                              {pd product} {ergonomic}
    uintx ReservedCodeCacheSize                    = 251658240                              {pd product} {ergonomic}
     bool SegmentedCodeCache                       = true                                      {product} {ergonomic}
   size_t SoftMaxHeapSize                          = 1073741824                             {manageable} {ergonomic}
     bool UseCompressedClassPointers               = true                           {product lp64_product} {ergonomic}
     bool UseCompressedOops                        = true                           {product lp64_product} {ergonomic}
     bool UseLargePagesIndividualAllocation        = false                                  {pd product} {ergonomic}
     bool UseParallelGC                            = true                                      {product} {command line}

Logging:
Log output configuration:
 #0: stdout all=off uptime,level,tags
 #1: stderr all=off uptime,level,tags

Environment Variables:
JAVA_HOME=C:\Program Files\Java\jdk1.8.0_112
PATH=C:\Program Files\Common Files\Oracle\Java\javapath;C:\Program Files\Java\jdk1.8.0_112\bin;C:\WINDOWS\system32;C:\WINDOWS;C:\WINDOWS\System32\Wbem;C:\WINDOWS\System32\WindowsPowerShell\v1.0\;C:\WINDOWS\System32\OpenSSH\;C:\Program Files (x86)\MySQL\MySQL Server 5.5\bin;C:\Program Files\Git\cmd;C:\Program Files\nodejs\;C:\Program Files\apache-maven-3.8.7\bin;C:\Users\Lenovo\AppData\Local\Microsoft\WindowsApps;C:\Program Files\Java\jdk1.8.0_112\bin;;C:\Users\Lenovo\AppData\Local\Programs\Microsoft VS Code\bin;C:\Users\Lenovo\AppData\Roaming\npm
USERNAME=Lenovo
OS=Windows_NT
PROCESSOR_IDENTIFIER=Intel64 Family 6 Model 58 Stepping 9, GenuineIntel
TMP=C:\Users\Lenovo\AppData\Local\Temp
TEMP=C:\Users\Lenovo\AppData\Local\Temp



---------------  S Y S T E M  ---------------

OS:
 Windows 10 , 64 bit Build 19041 (10.0.19041.2913)
OS uptime: 0 days 13:27 hours

CPU: total 4 (initial active 4) (2 cores per cpu, 2 threads per core) family 6 model 58 stepping 9 microcode 0x21, cx8, cmov, fxsr, ht, mmx, sse, sse2, sse3, ssse3, sse4.1, sse4.2, popcnt, tsc, tscinvbit, avx, erms, clmul, vzeroupper, clflush

Memory: 4k page, system-wide physical 3901M (950M free)
TotalPageFile size 10438M (AvailPageFile size 4708M)
current process WorkingSet (physical memory assigned to process): 395M, peak: 395M
current process commit charge ("private bytes"): 428M, peak: 432M

vm_info: OpenJDK 64-Bit Server VM (17.0.7+7) for windows-amd64 JRE (17.0.7+7), built on Apr 18 2023 22:10:42 by "temurin" with MS VC++ 16.7 (VS2019)

END.
